[2022-05-03T18:31:04.160] [ERROR] error - Cannot read property 'get' of undefined
[2022-05-03T18:31:10.859] [ERROR] error - Cannot read property 'get' of undefined
[2022-05-03T18:31:43.958] [ERROR] error - ruta '/' metodo GET no implementado
[2022-05-03T18:38:29.480] [ERROR] error - producto no encontrado
[2022-05-03T18:58:52.296] [ERROR] error - producto no encontrado
[2022-05-03T18:58:56.049] [ERROR] error - producto no encontrado
[2022-05-03T19:11:55.166] [ERROR] error - No ha completado todos los campos necesarios del producto
[2022-05-03T19:19:12.761] [ERROR] error - No ha completado todos los campos necesarios del producto
[2022-05-03T19:25:45.191] [ERROR] error - ruta '/' metodo POST no autorizada
[2022-05-03T19:28:31.788] [ERROR] error - No ha completado todos los campos necesarios del producto
[2022-05-03T19:30:36.249] [ERROR] error - { error: -1, message: 'producto no encontrado' }
[2022-05-03T19:39:33.827] [ERROR] error - Las caracteristicas que se intentan actualizar del producto no existen
[2022-05-03T19:42:16.196] [ERROR] error - { error: -1, message: 'producto no encontrado' }
[2022-05-03T23:20:22.983] [ERROR] error - Cannot read property 'get' of undefined
[2022-05-03T23:27:03.709] [ERROR] error - carrito no encontrado
[2022-05-03T23:27:10.981] [ERROR] error - carrito no encontrado
[2022-05-03T23:27:22.586] [ERROR] error - producto no encontrado
[2022-05-03T23:29:36.085] [ERROR] error - CastError: Cast to Number failed for value "esdf" (type string) at path "id" for model "productos"
    at model.Query.exec (C:\Users\Alan\Documents\desafio.clase.36.tercer.preentrega\node_modules\mongoose\lib\query.js:4650:21)
    at model.Query.Query.then (C:\Users\Alan\Documents\desafio.clase.36.tercer.preentrega\node_modules\mongoose\lib\query.js:4749:15)
    at processTicksAndRejections (internal/process/task_queues.js:95:5) {
  messageFormat: undefined,
  stringValue: '"esdf"',
  kind: 'Number',
  value: 'esdf',
  path: 'id',
  reason: AssertionError [ERR_ASSERTION]: The expression evaluated to a falsy value:
  
    assert.ok(!isNaN(val))
  
      at castNumber (C:\Users\Alan\Documents\desafio.clase.36.tercer.preentrega\node_modules\mongoose\lib\cast\number.js:27:10)
      at SchemaNumber.cast (C:\Users\Alan\Documents\desafio.clase.36.tercer.preentrega\node_modules\mongoose\lib\schema\number.js:380:12)
      at SchemaNumber.SchemaType.applySetters (C:\Users\Alan\Documents\desafio.clase.36.tercer.preentrega\node_modules\mongoose\lib\schematype.js:1179:12)
      at SchemaNumber.SchemaType._castForQuery (C:\Users\Alan\Documents\desafio.clase.36.tercer.preentrega\node_modules\mongoose\lib\schematype.js:1613:15)
      at SchemaNumber.castForQuery (C:\Users\Alan\Documents\desafio.clase.36.tercer.preentrega\node_modules\mongoose\lib\schema\number.js:434:14)
      at SchemaNumber.SchemaType.castForQueryWrapper (C:\Users\Alan\Documents\desafio.clase.36.tercer.preentrega\node_modules\mongoose\lib\schematype.js:1580:20)
      at cast (C:\Users\Alan\Documents\desafio.clase.36.tercer.preentrega\node_modules\mongoose\lib\cast.js:344:32)
      at model.Query.Query.cast (C:\Users\Alan\Documents\desafio.clase.36.tercer.preentrega\node_modules\mongoose\lib\query.js:5085:12)
      at model.Query.Query._castConditions (C:\Users\Alan\Documents\desafio.clase.36.tercer.preentrega\node_modules\mongoose\lib\query.js:2143:10)
      at model.Query.<anonymous> (C:\Users\Alan\Documents\desafio.clase.36.tercer.preentrega\node_modules\mongoose\lib\query.js:2170:8) {
    generatedMessage: true,
    code: 'ERR_ASSERTION',
    actual: false,
    expected: true,
    operator: '=='
  },
  valueType: 'string'
}
[2022-05-03T23:29:49.110] [ERROR] error - producto no encontrado
[2022-05-03T23:47:19.971] [ERROR] error - el carrito no posee productos
[2022-05-03T23:47:39.108] [ERROR] error - carrito no encontrado
[2022-05-03T23:47:45.338] [ERROR] error - carrito no encontrado
[2022-05-03T23:47:54.226] [ERROR] error - el carrito no posee productos
[2022-05-03T23:49:52.910] [ERROR] error - carrito no encontrado
[2022-05-03T23:51:04.771] [ERROR] error - carrito no encontrado
[2022-05-03T23:51:47.077] [ERROR] error - carrito no encontrado
[2022-05-03T23:52:08.592] [ERROR] error - carrito no encontrado
[2022-05-03T23:52:59.279] [ERROR] error - carrito no encontrado
[2022-05-03T23:53:05.102] [ERROR] error - carrito no encontrado
[2022-05-03T23:53:12.642] [ERROR] error - el producto no existe en el carrito
[2022-05-03T23:53:18.711] [ERROR] error - el producto no existe en el carrito
[2022-05-03T23:53:23.346] [ERROR] error - el producto no existe en el carrito
[2022-05-03T23:53:32.767] [ERROR] error - el producto no existe en el carrito
[2022-05-03T23:53:37.422] [ERROR] error - el producto no existe en el carrito
[2022-05-09T10:19:33.101] [ERROR] error - RestException [Error]: The 'To' number 456 is not a valid phone number.
    at success (C:\Users\Alan\Documents\desafio.clase.36.tercer.preentrega\node_modules\twilio\lib\base\Version.js:135:15)
    at Promise_then_fulfilled (C:\Users\Alan\Documents\desafio.clase.36.tercer.preentrega\node_modules\q\q.js:766:44)
    at Promise_done_fulfilled (C:\Users\Alan\Documents\desafio.clase.36.tercer.preentrega\node_modules\q\q.js:835:31)
    at Fulfilled_dispatch [as dispatch] (C:\Users\Alan\Documents\desafio.clase.36.tercer.preentrega\node_modules\q\q.js:1229:9)
    at Pending_become_eachMessage_task (C:\Users\Alan\Documents\desafio.clase.36.tercer.preentrega\node_modules\q\q.js:1369:30)
    at RawTask.call (C:\Users\Alan\Documents\desafio.clase.36.tercer.preentrega\node_modules\asap\asap.js:40:19)
    at flush (C:\Users\Alan\Documents\desafio.clase.36.tercer.preentrega\node_modules\asap\raw.js:50:29)
    at processTicksAndRejections (internal/process/task_queues.js:77:11) {
  status: 400,
  code: 21211,
  moreInfo: 'https://www.twilio.com/docs/errors/21211',
  details: undefined
}
[2022-05-09T10:19:33.922] [ERROR] error - RestException [Error]: The From phone number +18597150942 is not a valid, SMS-capable inbound phone number or short code for your account.
    at success (C:\Users\Alan\Documents\desafio.clase.36.tercer.preentrega\node_modules\twilio\lib\base\Version.js:135:15)
    at Promise_then_fulfilled (C:\Users\Alan\Documents\desafio.clase.36.tercer.preentrega\node_modules\q\q.js:766:44)
    at Promise_done_fulfilled (C:\Users\Alan\Documents\desafio.clase.36.tercer.preentrega\node_modules\q\q.js:835:31)
    at Fulfilled_dispatch [as dispatch] (C:\Users\Alan\Documents\desafio.clase.36.tercer.preentrega\node_modules\q\q.js:1229:9)
    at Pending_become_eachMessage_task (C:\Users\Alan\Documents\desafio.clase.36.tercer.preentrega\node_modules\q\q.js:1369:30)
    at RawTask.call (C:\Users\Alan\Documents\desafio.clase.36.tercer.preentrega\node_modules\asap\asap.js:40:19)
    at flush (C:\Users\Alan\Documents\desafio.clase.36.tercer.preentrega\node_modules\asap\raw.js:50:29)
    at processTicksAndRejections (internal/process/task_queues.js:77:11) {
  status: 400,
  code: 21606,
  moreInfo: 'https://www.twilio.com/docs/errors/21606',
  details: undefined
}
[2022-05-09T10:58:24.475] [ERROR] error - ruta '/' metodo GET no implementado
[2022-05-09T10:59:01.641] [ERROR] error - ruta '/' metodo GET no implementado
[2022-05-09T10:59:02.829] [ERROR] error - ruta '/' metodo GET no implementado
[2022-05-09T10:59:32.577] [ERROR] error - ruta '/' metodo GET no implementado
[2022-05-09T11:24:39.251] [ERROR] error - ruta '/' metodo GET no implementado
[2022-05-09T11:24:57.094] [ERROR] error - ruta '/' metodo GET no implementado
[2022-05-09T11:41:38.135] [ERROR] error - El email ya se encuentra registrado
[2022-05-09T11:46:26.926] [ERROR] error - El email ya se encuentra registrado
[2022-05-09T11:57:20.717] [ERROR] error - ruta '/' metodo GET no implementado
[2022-05-09T16:15:41.195] [ERROR] error - producto no encontrado
[2022-05-09T16:20:39.008] [ERROR] error - No ha completado todos los campos necesarios del producto
[2022-05-09T19:21:19.585] [ERROR] error - El email ya se encuentra registrado
[2022-05-09T19:23:30.035] [ERROR] error - Invalid password
[2022-05-09T19:23:37.659] [ERROR] error - El usuario no existe
[2022-05-09T19:24:55.408] [ERROR] error - El email ya se encuentra registrado
[2022-05-09T19:55:52.825] [ERROR] error - TypeError: Assignment to constant variable.
    at prodAlCarrito (C:\Users\Alan\Documents\desafio.clase.36.tercer.preentrega\src\controller\controller.carrito.js:68:28)
    at processTicksAndRejections (internal/process/task_queues.js:95:5)
[2022-05-09T20:22:16.899] [ERROR] error - RestException [Error]: Twilio could not find a Channel with the specified From address
    at success (C:\Users\Alan\Documents\desafio.clase.36.tercer.preentrega\node_modules\twilio\lib\base\Version.js:135:15)
    at Promise_then_fulfilled (C:\Users\Alan\Documents\desafio.clase.36.tercer.preentrega\node_modules\q\q.js:766:44)
    at Promise_done_fulfilled (C:\Users\Alan\Documents\desafio.clase.36.tercer.preentrega\node_modules\q\q.js:835:31)
    at Fulfilled_dispatch [as dispatch] (C:\Users\Alan\Documents\desafio.clase.36.tercer.preentrega\node_modules\q\q.js:1229:9)
    at Pending_become_eachMessage_task (C:\Users\Alan\Documents\desafio.clase.36.tercer.preentrega\node_modules\q\q.js:1369:30)
    at RawTask.call (C:\Users\Alan\Documents\desafio.clase.36.tercer.preentrega\node_modules\asap\asap.js:40:19)
    at flush (C:\Users\Alan\Documents\desafio.clase.36.tercer.preentrega\node_modules\asap\raw.js:50:29)
    at processTicksAndRejections (internal/process/task_queues.js:77:11) {
  status: 400,
  code: 63007,
  moreInfo: 'https://www.twilio.com/docs/errors/63007',
  details: undefined
}
[2022-05-09T20:22:17.730] [ERROR] error - RestException [Error]: The From phone number +18597150942 is not a valid, SMS-capable inbound phone number or short code for your account.
    at success (C:\Users\Alan\Documents\desafio.clase.36.tercer.preentrega\node_modules\twilio\lib\base\Version.js:135:15)
    at Promise_then_fulfilled (C:\Users\Alan\Documents\desafio.clase.36.tercer.preentrega\node_modules\q\q.js:766:44)
    at Promise_done_fulfilled (C:\Users\Alan\Documents\desafio.clase.36.tercer.preentrega\node_modules\q\q.js:835:31)
    at Fulfilled_dispatch [as dispatch] (C:\Users\Alan\Documents\desafio.clase.36.tercer.preentrega\node_modules\q\q.js:1229:9)
    at Pending_become_eachMessage_task (C:\Users\Alan\Documents\desafio.clase.36.tercer.preentrega\node_modules\q\q.js:1369:30)
    at RawTask.call (C:\Users\Alan\Documents\desafio.clase.36.tercer.preentrega\node_modules\asap\asap.js:40:19)
    at flush (C:\Users\Alan\Documents\desafio.clase.36.tercer.preentrega\node_modules\asap\raw.js:50:29)
    at processTicksAndRejections (internal/process/task_queues.js:77:11) {
  status: 400,
  code: 21606,
  moreInfo: 'https://www.twilio.com/docs/errors/21606',
  details: undefined
}
[2022-05-09T20:24:02.224] [ERROR] error - RestException [Error]: Twilio could not find a Channel with the specified From address
    at success (C:\Users\Alan\Documents\desafio.clase.36.tercer.preentrega\node_modules\twilio\lib\base\Version.js:135:15)
    at Promise_then_fulfilled (C:\Users\Alan\Documents\desafio.clase.36.tercer.preentrega\node_modules\q\q.js:766:44)
    at Promise_done_fulfilled (C:\Users\Alan\Documents\desafio.clase.36.tercer.preentrega\node_modules\q\q.js:835:31)
    at Fulfilled_dispatch [as dispatch] (C:\Users\Alan\Documents\desafio.clase.36.tercer.preentrega\node_modules\q\q.js:1229:9)
    at Pending_become_eachMessage_task (C:\Users\Alan\Documents\desafio.clase.36.tercer.preentrega\node_modules\q\q.js:1369:30)
    at RawTask.call (C:\Users\Alan\Documents\desafio.clase.36.tercer.preentrega\node_modules\asap\asap.js:40:19)
    at flush (C:\Users\Alan\Documents\desafio.clase.36.tercer.preentrega\node_modules\asap\raw.js:50:29)
    at processTicksAndRejections (internal/process/task_queues.js:77:11) {
  status: 400,
  code: 63007,
  moreInfo: 'https://www.twilio.com/docs/errors/63007',
  details: undefined
}
[2022-05-09T20:24:03.093] [ERROR] error - RestException [Error]: The From phone number +18597150942 is not a valid, SMS-capable inbound phone number or short code for your account.
    at success (C:\Users\Alan\Documents\desafio.clase.36.tercer.preentrega\node_modules\twilio\lib\base\Version.js:135:15)
    at Promise_then_fulfilled (C:\Users\Alan\Documents\desafio.clase.36.tercer.preentrega\node_modules\q\q.js:766:44)
    at Promise_done_fulfilled (C:\Users\Alan\Documents\desafio.clase.36.tercer.preentrega\node_modules\q\q.js:835:31)
    at Fulfilled_dispatch [as dispatch] (C:\Users\Alan\Documents\desafio.clase.36.tercer.preentrega\node_modules\q\q.js:1229:9)
    at Pending_become_eachMessage_task (C:\Users\Alan\Documents\desafio.clase.36.tercer.preentrega\node_modules\q\q.js:1369:30)
    at RawTask.call (C:\Users\Alan\Documents\desafio.clase.36.tercer.preentrega\node_modules\asap\asap.js:40:19)
    at flush (C:\Users\Alan\Documents\desafio.clase.36.tercer.preentrega\node_modules\asap\raw.js:50:29)
    at processTicksAndRejections (internal/process/task_queues.js:77:11) {
  status: 400,
  code: 21606,
  moreInfo: 'https://www.twilio.com/docs/errors/21606',
  details: undefined
}
[2022-05-09T20:25:18.200] [ERROR] error - RestException [Error]: Twilio could not find a Channel with the specified From address
    at success (C:\Users\Alan\Documents\desafio.clase.36.tercer.preentrega\node_modules\twilio\lib\base\Version.js:135:15)
    at Promise_then_fulfilled (C:\Users\Alan\Documents\desafio.clase.36.tercer.preentrega\node_modules\q\q.js:766:44)
    at Promise_done_fulfilled (C:\Users\Alan\Documents\desafio.clase.36.tercer.preentrega\node_modules\q\q.js:835:31)
    at Fulfilled_dispatch [as dispatch] (C:\Users\Alan\Documents\desafio.clase.36.tercer.preentrega\node_modules\q\q.js:1229:9)
    at Pending_become_eachMessage_task (C:\Users\Alan\Documents\desafio.clase.36.tercer.preentrega\node_modules\q\q.js:1369:30)
    at RawTask.call (C:\Users\Alan\Documents\desafio.clase.36.tercer.preentrega\node_modules\asap\asap.js:40:19)
    at flush (C:\Users\Alan\Documents\desafio.clase.36.tercer.preentrega\node_modules\asap\raw.js:50:29)
    at processTicksAndRejections (internal/process/task_queues.js:77:11) {
  status: 400,
  code: 63007,
  moreInfo: 'https://www.twilio.com/docs/errors/63007',
  details: undefined
}
[2022-05-09T20:25:18.994] [ERROR] error - RestException [Error]: The From phone number +18597150942 is not a valid, SMS-capable inbound phone number or short code for your account.
    at success (C:\Users\Alan\Documents\desafio.clase.36.tercer.preentrega\node_modules\twilio\lib\base\Version.js:135:15)
    at Promise_then_fulfilled (C:\Users\Alan\Documents\desafio.clase.36.tercer.preentrega\node_modules\q\q.js:766:44)
    at Promise_done_fulfilled (C:\Users\Alan\Documents\desafio.clase.36.tercer.preentrega\node_modules\q\q.js:835:31)
    at Fulfilled_dispatch [as dispatch] (C:\Users\Alan\Documents\desafio.clase.36.tercer.preentrega\node_modules\q\q.js:1229:9)
    at Pending_become_eachMessage_task (C:\Users\Alan\Documents\desafio.clase.36.tercer.preentrega\node_modules\q\q.js:1369:30)
    at RawTask.call (C:\Users\Alan\Documents\desafio.clase.36.tercer.preentrega\node_modules\asap\asap.js:40:19)
    at flush (C:\Users\Alan\Documents\desafio.clase.36.tercer.preentrega\node_modules\asap\raw.js:50:29)
    at processTicksAndRejections (internal/process/task_queues.js:77:11) {
  status: 400,
  code: 21606,
  moreInfo: 'https://www.twilio.com/docs/errors/21606',
  details: undefined
}
[2022-05-09T20:25:35.846] [ERROR] error - RestException [Error]: Twilio could not find a Channel with the specified From address
    at success (C:\Users\Alan\Documents\desafio.clase.36.tercer.preentrega\node_modules\twilio\lib\base\Version.js:135:15)
    at Promise_then_fulfilled (C:\Users\Alan\Documents\desafio.clase.36.tercer.preentrega\node_modules\q\q.js:766:44)
    at Promise_done_fulfilled (C:\Users\Alan\Documents\desafio.clase.36.tercer.preentrega\node_modules\q\q.js:835:31)
    at Fulfilled_dispatch [as dispatch] (C:\Users\Alan\Documents\desafio.clase.36.tercer.preentrega\node_modules\q\q.js:1229:9)
    at Pending_become_eachMessage_task (C:\Users\Alan\Documents\desafio.clase.36.tercer.preentrega\node_modules\q\q.js:1369:30)
    at RawTask.call (C:\Users\Alan\Documents\desafio.clase.36.tercer.preentrega\node_modules\asap\asap.js:40:19)
    at flush (C:\Users\Alan\Documents\desafio.clase.36.tercer.preentrega\node_modules\asap\raw.js:50:29)
    at processTicksAndRejections (internal/process/task_queues.js:77:11) {
  status: 400,
  code: 63007,
  moreInfo: 'https://www.twilio.com/docs/errors/63007',
  details: undefined
}
[2022-05-09T20:25:36.704] [ERROR] error - RestException [Error]: The From phone number +18597150942 is not a valid, SMS-capable inbound phone number or short code for your account.
    at success (C:\Users\Alan\Documents\desafio.clase.36.tercer.preentrega\node_modules\twilio\lib\base\Version.js:135:15)
    at Promise_then_fulfilled (C:\Users\Alan\Documents\desafio.clase.36.tercer.preentrega\node_modules\q\q.js:766:44)
    at Promise_done_fulfilled (C:\Users\Alan\Documents\desafio.clase.36.tercer.preentrega\node_modules\q\q.js:835:31)
    at Fulfilled_dispatch [as dispatch] (C:\Users\Alan\Documents\desafio.clase.36.tercer.preentrega\node_modules\q\q.js:1229:9)
    at Pending_become_eachMessage_task (C:\Users\Alan\Documents\desafio.clase.36.tercer.preentrega\node_modules\q\q.js:1369:30)
    at RawTask.call (C:\Users\Alan\Documents\desafio.clase.36.tercer.preentrega\node_modules\asap\asap.js:40:19)
    at flush (C:\Users\Alan\Documents\desafio.clase.36.tercer.preentrega\node_modules\asap\raw.js:50:29)
    at processTicksAndRejections (internal/process/task_queues.js:77:11) {
  status: 400,
  code: 21606,
  moreInfo: 'https://www.twilio.com/docs/errors/21606',
  details: undefined
}
[2022-05-09T20:26:48.202] [ERROR] error - RestException [Error]: Twilio could not find a Channel with the specified From address
    at success (C:\Users\Alan\Documents\desafio.clase.36.tercer.preentrega\node_modules\twilio\lib\base\Version.js:135:15)
    at Promise_then_fulfilled (C:\Users\Alan\Documents\desafio.clase.36.tercer.preentrega\node_modules\q\q.js:766:44)
    at Promise_done_fulfilled (C:\Users\Alan\Documents\desafio.clase.36.tercer.preentrega\node_modules\q\q.js:835:31)
    at Fulfilled_dispatch [as dispatch] (C:\Users\Alan\Documents\desafio.clase.36.tercer.preentrega\node_modules\q\q.js:1229:9)
    at Pending_become_eachMessage_task (C:\Users\Alan\Documents\desafio.clase.36.tercer.preentrega\node_modules\q\q.js:1369:30)
    at RawTask.call (C:\Users\Alan\Documents\desafio.clase.36.tercer.preentrega\node_modules\asap\asap.js:40:19)
    at flush (C:\Users\Alan\Documents\desafio.clase.36.tercer.preentrega\node_modules\asap\raw.js:50:29)
    at processTicksAndRejections (internal/process/task_queues.js:77:11) {
  status: 400,
  code: 63007,
  moreInfo: 'https://www.twilio.com/docs/errors/63007',
  details: undefined
}
[2022-05-09T20:26:49.020] [ERROR] error - RestException [Error]: The From phone number +18597150942 is not a valid, SMS-capable inbound phone number or short code for your account.
    at success (C:\Users\Alan\Documents\desafio.clase.36.tercer.preentrega\node_modules\twilio\lib\base\Version.js:135:15)
    at Promise_then_fulfilled (C:\Users\Alan\Documents\desafio.clase.36.tercer.preentrega\node_modules\q\q.js:766:44)
    at Promise_done_fulfilled (C:\Users\Alan\Documents\desafio.clase.36.tercer.preentrega\node_modules\q\q.js:835:31)
    at Fulfilled_dispatch [as dispatch] (C:\Users\Alan\Documents\desafio.clase.36.tercer.preentrega\node_modules\q\q.js:1229:9)
    at Pending_become_eachMessage_task (C:\Users\Alan\Documents\desafio.clase.36.tercer.preentrega\node_modules\q\q.js:1369:30)
    at RawTask.call (C:\Users\Alan\Documents\desafio.clase.36.tercer.preentrega\node_modules\asap\asap.js:40:19)
    at flush (C:\Users\Alan\Documents\desafio.clase.36.tercer.preentrega\node_modules\asap\raw.js:50:29)
    at processTicksAndRejections (internal/process/task_queues.js:77:11) {
  status: 400,
  code: 21606,
  moreInfo: 'https://www.twilio.com/docs/errors/21606',
  details: undefined
}
[2022-05-09T20:26:56.234] [ERROR] error - RestException [Error]: Twilio could not find a Channel with the specified From address
    at success (C:\Users\Alan\Documents\desafio.clase.36.tercer.preentrega\node_modules\twilio\lib\base\Version.js:135:15)
    at Promise_then_fulfilled (C:\Users\Alan\Documents\desafio.clase.36.tercer.preentrega\node_modules\q\q.js:766:44)
    at Promise_done_fulfilled (C:\Users\Alan\Documents\desafio.clase.36.tercer.preentrega\node_modules\q\q.js:835:31)
    at Fulfilled_dispatch [as dispatch] (C:\Users\Alan\Documents\desafio.clase.36.tercer.preentrega\node_modules\q\q.js:1229:9)
    at Pending_become_eachMessage_task (C:\Users\Alan\Documents\desafio.clase.36.tercer.preentrega\node_modules\q\q.js:1369:30)
    at RawTask.call (C:\Users\Alan\Documents\desafio.clase.36.tercer.preentrega\node_modules\asap\asap.js:40:19)
    at flush (C:\Users\Alan\Documents\desafio.clase.36.tercer.preentrega\node_modules\asap\raw.js:50:29)
    at processTicksAndRejections (internal/process/task_queues.js:77:11) {
  status: 400,
  code: 63007,
  moreInfo: 'https://www.twilio.com/docs/errors/63007',
  details: undefined
}
[2022-05-09T20:26:57.135] [ERROR] error - RestException [Error]: The From phone number +18597150942 is not a valid, SMS-capable inbound phone number or short code for your account.
    at success (C:\Users\Alan\Documents\desafio.clase.36.tercer.preentrega\node_modules\twilio\lib\base\Version.js:135:15)
    at Promise_then_fulfilled (C:\Users\Alan\Documents\desafio.clase.36.tercer.preentrega\node_modules\q\q.js:766:44)
    at Promise_done_fulfilled (C:\Users\Alan\Documents\desafio.clase.36.tercer.preentrega\node_modules\q\q.js:835:31)
    at Fulfilled_dispatch [as dispatch] (C:\Users\Alan\Documents\desafio.clase.36.tercer.preentrega\node_modules\q\q.js:1229:9)
    at Pending_become_eachMessage_task (C:\Users\Alan\Documents\desafio.clase.36.tercer.preentrega\node_modules\q\q.js:1369:30)
    at RawTask.call (C:\Users\Alan\Documents\desafio.clase.36.tercer.preentrega\node_modules\asap\asap.js:40:19)
    at flush (C:\Users\Alan\Documents\desafio.clase.36.tercer.preentrega\node_modules\asap\raw.js:50:29)
    at processTicksAndRejections (internal/process/task_queues.js:77:11) {
  status: 400,
  code: 21606,
  moreInfo: 'https://www.twilio.com/docs/errors/21606',
  details: undefined
}
[2022-05-14T18:41:42.442] [ERROR] error - Por favor, introduzca un identificador de producto en formato numero
[2022-05-14T18:41:49.841] [ERROR] error - Ha ocurrido un error en la validación del producto
[2022-05-14T18:42:53.873] [ERROR] error - El producto buscado no se encuentra
[2022-05-14T18:45:20.209] [ERROR] error - El producto buscado no se encuentra
[2022-05-14T18:47:09.301] [ERROR] error - Debe completar todas las propiedades del productos
[2022-05-14T18:47:24.079] [ERROR] error - Por favor, introduzca un stock en formato number
[2022-05-14T18:47:31.037] [ERROR] error - Por favor, introduzca un stock en formato number
[2022-05-28T21:11:13.124] [ERROR] error - El producto buscado no se encuentra
[2022-05-28T21:11:17.760] [ERROR] error - Por favor, introduzca un identificador de producto en formato numero
[2022-05-28T21:14:26.139] [ERROR] error - Por favor, introduzca un precio en formato number
[2022-05-28T21:15:30.938] [ERROR] error - El producto buscado no se encuentra
[2022-05-28T21:15:35.100] [ERROR] error - Por favor, introduzca un identificador de producto en formato numero
