[2022-04-12T19:54:36.392] [ERROR] error - error
[2022-05-04T20:17:32.912] [ERROR] error - error
[2022-05-04T20:20:39.774] [ERROR] error - Error en peticion a /1, metodo GET
[2022-05-04T20:20:50.939] [ERROR] error - Error en peticion a /2, metodo GET
[2022-05-04T20:21:45.791] [ERROR] error - Error en peticion a /2, metodo GET
[2022-05-04T20:22:29.730] [ERROR] error - Error en peticion a /2, metodo GET
[2022-05-04T20:23:20.524] [ERROR] error - Error en peticion a /2, metodo GET
[2022-05-04T20:24:03.277] [ERROR] error - Error en peticion a /2, metodo GET
[2022-05-04T20:24:24.076] [ERROR] error - Error en peticion a /2, metodo GET
[2022-05-04T20:25:02.218] [ERROR] error - Error en peticion a /2, metodo GET
[2022-05-04T20:27:30.872] [ERROR] error - error
[2022-05-04T20:27:34.794] [ERROR] error - Error en peticion a /a, metodo GET
[2022-05-04T20:33:16.323] [ERROR] error - El usuario no posee permisos de administrador
[2022-05-04T20:33:39.582] [ERROR] error - El usuario no posee permisos de administrador
[2022-05-04T20:36:21.034] [ERROR] error - El usuario no posee permisos de administrador
[2022-05-04T20:36:46.605] [ERROR] error - El usuario no posee permisos de administrador
[2022-05-04T20:37:02.890] [ERROR] error - El usuario no posee permisos de administrador
[2022-05-04T20:38:35.090] [ERROR] error - El usuario no posee permisos de administrador
[2022-05-04T20:39:20.362] [ERROR] error - El usuario no posee permisos de administrador
[2022-05-04T20:39:24.338] [ERROR] error - { error: -1, message: 'producto no encontrado' }
[2022-05-04T20:39:29.583] [ERROR] error - El usuario no posee permisos de administrador
[2022-05-04T20:39:38.335] [ERROR] error - El usuario no posee permisos de administrador
[2022-05-04T20:43:29.510] [ERROR] error - El usuario no posee permisos de administrador
[2022-05-04T20:43:38.537] [ERROR] error - El usuario no posee permisos de administrador
[2022-05-04T20:43:41.883] [ERROR] error - El usuario no posee permisos de administrador
[2022-05-04T20:43:41.884] [ERROR] error - Las caracteristicas que se intentan actualizar del producto no existen
[2022-05-04T22:27:05.702] [ERROR] error - error
[2022-05-04T22:28:29.271] [ERROR] error - CastError: Cast to Number failed for value "as" (type string) at path "id" for model "carritos"
    at model.Query.exec (C:\Users\Alan\Documents\desafio.clase.38.arquitectura.capas\node_modules\mongoose\lib\query.js:4650:21)
    at model.Query.Query.then (C:\Users\Alan\Documents\desafio.clase.38.arquitectura.capas\node_modules\mongoose\lib\query.js:4749:15)
    at processTicksAndRejections (internal/process/task_queues.js:95:5) {
  messageFormat: undefined,
  stringValue: '"as"',
  kind: 'Number',
  value: 'as',
  path: 'id',
  reason: AssertionError [ERR_ASSERTION]: The expression evaluated to a falsy value:
  
    assert.ok(!isNaN(val))
  
      at castNumber (C:\Users\Alan\Documents\desafio.clase.38.arquitectura.capas\node_modules\mongoose\lib\cast\number.js:27:10)
      at SchemaNumber.cast (C:\Users\Alan\Documents\desafio.clase.38.arquitectura.capas\node_modules\mongoose\lib\schema\number.js:380:12)
      at SchemaNumber.SchemaType.applySetters (C:\Users\Alan\Documents\desafio.clase.38.arquitectura.capas\node_modules\mongoose\lib\schematype.js:1179:12)
      at SchemaNumber.SchemaType._castForQuery (C:\Users\Alan\Documents\desafio.clase.38.arquitectura.capas\node_modules\mongoose\lib\schematype.js:1613:15)
      at SchemaNumber.castForQuery (C:\Users\Alan\Documents\desafio.clase.38.arquitectura.capas\node_modules\mongoose\lib\schema\number.js:434:14)
      at SchemaNumber.SchemaType.castForQueryWrapper (C:\Users\Alan\Documents\desafio.clase.38.arquitectura.capas\node_modules\mongoose\lib\schematype.js:1580:20)
      at cast (C:\Users\Alan\Documents\desafio.clase.38.arquitectura.capas\node_modules\mongoose\lib\cast.js:344:32)
      at model.Query.Query.cast (C:\Users\Alan\Documents\desafio.clase.38.arquitectura.capas\node_modules\mongoose\lib\query.js:5085:12)
      at model.Query.Query._castConditions (C:\Users\Alan\Documents\desafio.clase.38.arquitectura.capas\node_modules\mongoose\lib\query.js:2143:10)
      at model.Query.<anonymous> (C:\Users\Alan\Documents\desafio.clase.38.arquitectura.capas\node_modules\mongoose\lib\query.js:2170:8) {
    generatedMessage: true,
    code: 'ERR_ASSERTION',
    actual: false,
    expected: true,
    operator: '=='
  },
  valueType: 'string'
}
[2022-05-04T22:28:40.566] [ERROR] error - producto no encontrado
[2022-05-04T22:28:45.031] [ERROR] error - CastError: Cast to Number failed for value "as" (type string) at path "id" for model "productos"
    at model.Query.exec (C:\Users\Alan\Documents\desafio.clase.38.arquitectura.capas\node_modules\mongoose\lib\query.js:4650:21)
    at model.Query.Query.then (C:\Users\Alan\Documents\desafio.clase.38.arquitectura.capas\node_modules\mongoose\lib\query.js:4749:15)
    at processTicksAndRejections (internal/process/task_queues.js:95:5) {
  messageFormat: undefined,
  stringValue: '"as"',
  kind: 'Number',
  value: 'as',
  path: 'id',
  reason: AssertionError [ERR_ASSERTION]: The expression evaluated to a falsy value:
  
    assert.ok(!isNaN(val))
  
      at castNumber (C:\Users\Alan\Documents\desafio.clase.38.arquitectura.capas\node_modules\mongoose\lib\cast\number.js:27:10)
      at SchemaNumber.cast (C:\Users\Alan\Documents\desafio.clase.38.arquitectura.capas\node_modules\mongoose\lib\schema\number.js:380:12)
      at SchemaNumber.SchemaType.applySetters (C:\Users\Alan\Documents\desafio.clase.38.arquitectura.capas\node_modules\mongoose\lib\schematype.js:1179:12)
      at SchemaNumber.SchemaType._castForQuery (C:\Users\Alan\Documents\desafio.clase.38.arquitectura.capas\node_modules\mongoose\lib\schematype.js:1613:15)
      at SchemaNumber.castForQuery (C:\Users\Alan\Documents\desafio.clase.38.arquitectura.capas\node_modules\mongoose\lib\schema\number.js:434:14)
      at SchemaNumber.SchemaType.castForQueryWrapper (C:\Users\Alan\Documents\desafio.clase.38.arquitectura.capas\node_modules\mongoose\lib\schematype.js:1580:20)
      at cast (C:\Users\Alan\Documents\desafio.clase.38.arquitectura.capas\node_modules\mongoose\lib\cast.js:344:32)
      at model.Query.Query.cast (C:\Users\Alan\Documents\desafio.clase.38.arquitectura.capas\node_modules\mongoose\lib\query.js:5085:12)
      at model.Query.Query._castConditions (C:\Users\Alan\Documents\desafio.clase.38.arquitectura.capas\node_modules\mongoose\lib\query.js:2143:10)
      at model.Query.<anonymous> (C:\Users\Alan\Documents\desafio.clase.38.arquitectura.capas\node_modules\mongoose\lib\query.js:2170:8) {
    generatedMessage: true,
    code: 'ERR_ASSERTION',
    actual: false,
    expected: true,
    operator: '=='
  },
  valueType: 'string'
}
[2022-05-04T22:29:56.720] [ERROR] error - error
[2022-05-04T22:31:05.242] [ERROR] error - CastError: Cast to Number failed for value "as" (type string) at path "id" for model "carritos"
    at model.Query.exec (C:\Users\Alan\Documents\desafio.clase.38.arquitectura.capas\node_modules\mongoose\lib\query.js:4650:21)
    at model.Query.Query.then (C:\Users\Alan\Documents\desafio.clase.38.arquitectura.capas\node_modules\mongoose\lib\query.js:4749:15)
    at processTicksAndRejections (internal/process/task_queues.js:95:5) {
  messageFormat: undefined,
  stringValue: '"as"',
  kind: 'Number',
  value: 'as',
  path: 'id',
  reason: AssertionError [ERR_ASSERTION]: The expression evaluated to a falsy value:
  
    assert.ok(!isNaN(val))
  
      at castNumber (C:\Users\Alan\Documents\desafio.clase.38.arquitectura.capas\node_modules\mongoose\lib\cast\number.js:27:10)
      at SchemaNumber.cast (C:\Users\Alan\Documents\desafio.clase.38.arquitectura.capas\node_modules\mongoose\lib\schema\number.js:380:12)
      at SchemaNumber.SchemaType.applySetters (C:\Users\Alan\Documents\desafio.clase.38.arquitectura.capas\node_modules\mongoose\lib\schematype.js:1179:12)
      at SchemaNumber.SchemaType._castForQuery (C:\Users\Alan\Documents\desafio.clase.38.arquitectura.capas\node_modules\mongoose\lib\schematype.js:1613:15)
      at SchemaNumber.castForQuery (C:\Users\Alan\Documents\desafio.clase.38.arquitectura.capas\node_modules\mongoose\lib\schema\number.js:434:14)
      at SchemaNumber.SchemaType.castForQueryWrapper (C:\Users\Alan\Documents\desafio.clase.38.arquitectura.capas\node_modules\mongoose\lib\schematype.js:1580:20)
      at cast (C:\Users\Alan\Documents\desafio.clase.38.arquitectura.capas\node_modules\mongoose\lib\cast.js:344:32)
      at model.Query.Query.cast (C:\Users\Alan\Documents\desafio.clase.38.arquitectura.capas\node_modules\mongoose\lib\query.js:5085:12)
      at model.Query.Query._castConditions (C:\Users\Alan\Documents\desafio.clase.38.arquitectura.capas\node_modules\mongoose\lib\query.js:2143:10)
      at model.Query.<anonymous> (C:\Users\Alan\Documents\desafio.clase.38.arquitectura.capas\node_modules\mongoose\lib\query.js:2170:8) {
    generatedMessage: true,
    code: 'ERR_ASSERTION',
    actual: false,
    expected: true,
    operator: '=='
  },
  valueType: 'string'
}
[2022-05-04T22:31:22.793] [ERROR] error - CastError: Cast to Number failed for value "as" (type string) at path "id" for model "carritos"
    at model.Query.exec (C:\Users\Alan\Documents\desafio.clase.38.arquitectura.capas\node_modules\mongoose\lib\query.js:4650:21)
    at model.Query.Query.then (C:\Users\Alan\Documents\desafio.clase.38.arquitectura.capas\node_modules\mongoose\lib\query.js:4749:15)
    at processTicksAndRejections (internal/process/task_queues.js:95:5) {
  messageFormat: undefined,
  stringValue: '"as"',
  kind: 'Number',
  value: 'as',
  path: 'id',
  reason: AssertionError [ERR_ASSERTION]: The expression evaluated to a falsy value:
  
    assert.ok(!isNaN(val))
  
      at castNumber (C:\Users\Alan\Documents\desafio.clase.38.arquitectura.capas\node_modules\mongoose\lib\cast\number.js:27:10)
      at SchemaNumber.cast (C:\Users\Alan\Documents\desafio.clase.38.arquitectura.capas\node_modules\mongoose\lib\schema\number.js:380:12)
      at SchemaNumber.SchemaType.applySetters (C:\Users\Alan\Documents\desafio.clase.38.arquitectura.capas\node_modules\mongoose\lib\schematype.js:1179:12)
      at SchemaNumber.SchemaType._castForQuery (C:\Users\Alan\Documents\desafio.clase.38.arquitectura.capas\node_modules\mongoose\lib\schematype.js:1613:15)
      at SchemaNumber.castForQuery (C:\Users\Alan\Documents\desafio.clase.38.arquitectura.capas\node_modules\mongoose\lib\schema\number.js:434:14)
      at SchemaNumber.SchemaType.castForQueryWrapper (C:\Users\Alan\Documents\desafio.clase.38.arquitectura.capas\node_modules\mongoose\lib\schematype.js:1580:20)
      at cast (C:\Users\Alan\Documents\desafio.clase.38.arquitectura.capas\node_modules\mongoose\lib\cast.js:344:32)
      at model.Query.Query.cast (C:\Users\Alan\Documents\desafio.clase.38.arquitectura.capas\node_modules\mongoose\lib\query.js:5085:12)
      at model.Query.Query._castConditions (C:\Users\Alan\Documents\desafio.clase.38.arquitectura.capas\node_modules\mongoose\lib\query.js:2143:10)
      at model.Query.<anonymous> (C:\Users\Alan\Documents\desafio.clase.38.arquitectura.capas\node_modules\mongoose\lib\query.js:2170:8) {
    generatedMessage: true,
    code: 'ERR_ASSERTION',
    actual: false,
    expected: true,
    operator: '=='
  },
  valueType: 'string'
}
[2022-05-04T22:31:26.518] [ERROR] error - CastError: Cast to Number failed for value "as" (type string) at path "id" for model "carritos"
    at model.Query.exec (C:\Users\Alan\Documents\desafio.clase.38.arquitectura.capas\node_modules\mongoose\lib\query.js:4650:21)
    at model.Query.Query.then (C:\Users\Alan\Documents\desafio.clase.38.arquitectura.capas\node_modules\mongoose\lib\query.js:4749:15)
    at processTicksAndRejections (internal/process/task_queues.js:95:5) {
  messageFormat: undefined,
  stringValue: '"as"',
  kind: 'Number',
  value: 'as',
  path: 'id',
  reason: AssertionError [ERR_ASSERTION]: The expression evaluated to a falsy value:
  
    assert.ok(!isNaN(val))
  
      at castNumber (C:\Users\Alan\Documents\desafio.clase.38.arquitectura.capas\node_modules\mongoose\lib\cast\number.js:27:10)
      at SchemaNumber.cast (C:\Users\Alan\Documents\desafio.clase.38.arquitectura.capas\node_modules\mongoose\lib\schema\number.js:380:12)
      at SchemaNumber.SchemaType.applySetters (C:\Users\Alan\Documents\desafio.clase.38.arquitectura.capas\node_modules\mongoose\lib\schematype.js:1179:12)
      at SchemaNumber.SchemaType._castForQuery (C:\Users\Alan\Documents\desafio.clase.38.arquitectura.capas\node_modules\mongoose\lib\schematype.js:1613:15)
      at SchemaNumber.castForQuery (C:\Users\Alan\Documents\desafio.clase.38.arquitectura.capas\node_modules\mongoose\lib\schema\number.js:434:14)
      at SchemaNumber.SchemaType.castForQueryWrapper (C:\Users\Alan\Documents\desafio.clase.38.arquitectura.capas\node_modules\mongoose\lib\schematype.js:1580:20)
      at cast (C:\Users\Alan\Documents\desafio.clase.38.arquitectura.capas\node_modules\mongoose\lib\cast.js:344:32)
      at model.Query.Query.cast (C:\Users\Alan\Documents\desafio.clase.38.arquitectura.capas\node_modules\mongoose\lib\query.js:5085:12)
      at model.Query.Query._castConditions (C:\Users\Alan\Documents\desafio.clase.38.arquitectura.capas\node_modules\mongoose\lib\query.js:2143:10)
      at model.Query.<anonymous> (C:\Users\Alan\Documents\desafio.clase.38.arquitectura.capas\node_modules\mongoose\lib\query.js:2170:8) {
    generatedMessage: true,
    code: 'ERR_ASSERTION',
    actual: false,
    expected: true,
    operator: '=='
  },
  valueType: 'string'
}
[2022-05-04T22:33:56.459] [ERROR] error - error
[2022-05-04T22:34:01.372] [ERROR] error - error
[2022-05-04T22:34:11.792] [ERROR] error - error
[2022-05-04T22:34:16.650] [ERROR] error - error
[2022-05-04T22:42:52.991] [ERROR] error - CastError: Cast to Number failed for value "NaN" (type number) at path "id" for model "carritos"
    at model.Query.exec (C:\Users\Alan\Documents\desafio.clase.38.arquitectura.capas\node_modules\mongoose\lib\query.js:4650:21)
    at model.Query.Query.then (C:\Users\Alan\Documents\desafio.clase.38.arquitectura.capas\node_modules\mongoose\lib\query.js:4749:15)
    at processTicksAndRejections (internal/process/task_queues.js:95:5) {
  messageFormat: undefined,
  stringValue: '"NaN"',
  kind: 'Number',
  value: NaN,
  path: 'id',
  reason: AssertionError [ERR_ASSERTION]: The expression evaluated to a falsy value:
  
    assert.ok(!isNaN(val))
  
      at castNumber (C:\Users\Alan\Documents\desafio.clase.38.arquitectura.capas\node_modules\mongoose\lib\cast\number.js:27:10)
      at SchemaNumber.cast (C:\Users\Alan\Documents\desafio.clase.38.arquitectura.capas\node_modules\mongoose\lib\schema\number.js:380:12)
      at SchemaNumber.SchemaType.applySetters (C:\Users\Alan\Documents\desafio.clase.38.arquitectura.capas\node_modules\mongoose\lib\schematype.js:1179:12)
      at SchemaNumber.SchemaType._castForQuery (C:\Users\Alan\Documents\desafio.clase.38.arquitectura.capas\node_modules\mongoose\lib\schematype.js:1613:15)
      at SchemaNumber.castForQuery (C:\Users\Alan\Documents\desafio.clase.38.arquitectura.capas\node_modules\mongoose\lib\schema\number.js:434:14)
      at SchemaNumber.SchemaType.castForQueryWrapper (C:\Users\Alan\Documents\desafio.clase.38.arquitectura.capas\node_modules\mongoose\lib\schematype.js:1580:20)
      at cast (C:\Users\Alan\Documents\desafio.clase.38.arquitectura.capas\node_modules\mongoose\lib\cast.js:344:32)
      at model.Query.Query.cast (C:\Users\Alan\Documents\desafio.clase.38.arquitectura.capas\node_modules\mongoose\lib\query.js:5085:12)
      at model.Query.Query._castConditions (C:\Users\Alan\Documents\desafio.clase.38.arquitectura.capas\node_modules\mongoose\lib\query.js:2143:10)
      at model.Query.<anonymous> (C:\Users\Alan\Documents\desafio.clase.38.arquitectura.capas\node_modules\mongoose\lib\query.js:3060:8) {
    generatedMessage: true,
    code: 'ERR_ASSERTION',
    actual: false,
    expected: true,
    operator: '=='
  },
  valueType: 'number'
}
